This is pdfTeX, Version 3.14159265-2.6-1.40.21 (MiKTeX 2.9.7400 64-bit) (preloaded format=pdflatex 2020.5.7)  2 DEC 2020 22:57
entering extended mode
**./Report.tex
(Report.tex
LaTeX2e <2020-02-02> patch level 5
L3 programming layer <2020-04-06>
("C:\Users\Ankan Mukherjee\AppData\Local\Programs\MiKTeX 2.9\tex/latex/revtex\r
evtex4-2.cls"
Document Class: revtex4-2 2020/10/03 4.2e (https://journals.aps.org/revtex/ for
 documentation)
 Copyright (c) 2019 American Physical Society.
 mailto:revtex@aps.org
 Licensed under the LPPL:
http://www.ctan.org/tex-archive/macros/latex/base/lppl.txt
 Arthur Ogawa <arthur_ogawa at sbcglobal dot net>
 Based on work by David Carlisle <david at dcarlisle.demon.co.uk>
 Version (4.2d,4.2e): Modified by Mark Doyle and Phelype Oleinik
 .
ltxutil[2020/10/03 4.2e utilities package (portions licensed from W. E. Baxter 
web at superscript.com)]
LaTeX Info: Redefining \@centercr on input line 356.
Class revtex4-2 Info: Repairing broken LaTeX eqnarray on input line 406.
\eqncolsep=\skip47
Class revtex4-2 Info: Repairing hyperref-unfriendly LaTeX definition of \mpfoot
note on input line 481.
Class revtex4-2 Info: Repairing broken LateX \@sect on input line 803.
\intertabularlinepenalty=\count167
\@tbpen=\count168
\@arstrutbox@hline=\box45
Class revtex4-2 Info: Repairing broken LaTeX \@xbitor on input line 1834.
Class revtex4-2 Info: Making \typeout \long on input line 2099.
ltxfront[2020/10/03 4.2e frontmatter package (AO,DPC,MD)]
\c@affil=\count169
\c@collab=\count170
\absbox=\box46
ltxgrid[2020/10/03 4.2e page grid package (portions licensed from W. E. Baxter 
web at superscript.com)]
\c@linecount=\count171
\output@latex=\toks15
\box@size@1=\box47
\box@size@2=\box48
\@protection@box=\box49
\@topmark@saved=\toks16
\footins@saved=\box50
\footins@recovered=\box51
\column@recovered=\box52
\pagesofar=\box53
\footsofar=\box54
\pagegrid@col=\count172
Class revtex4-2 Info: Overriding \@vspace, \@vspacer, \@no@pgbk, \@newline, and
 \\  on input line 5665.
\c@part=\count173
\c@section=\count174
\c@subsection=\count175
\c@subsubsection=\count176
\c@paragraph=\count177
\c@subparagraph=\count178
\abovecaptionskip=\skip48
\belowcaptionskip=\skip49
\c@figure=\count179
\fbox@1=\box55
\c@table=\count180
\fbox@2=\box56
\c@video=\count181
\fbox@4=\box57
\@bibdataout=\write3
\widetext@top=\box58
\widetext@bot=\box59
Class revtex4-2 Info: Selecting society aps on input line 7658.

("C:\Users\Ankan Mukherjee\AppData\Local\Programs\MiKTeX 2.9\tex/latex/revtex\a
ps4-2.rtx"
File: aps4-2 2020/10/03 4.2e (https://journals.aps.org/revtex/ for documentatio
n)
Class revtex4-2 Info: RevTeX society APS selected on input line 40.
)
Class revtex4-2 Info: Selecting journal prc on input line 7660.
Class revtex4-2 Info: APS journal PRC selected on input line 7661.


Class revtex4-2 Warning: No type size specified, using default 10.


("C:\Users\Ankan Mukherjee\AppData\Local\Programs\MiKTeX 2.9\tex/latex/revtex\a
ps10pt4-2.rtx"
File: aps10pt4-2 2020/10/03 4.2e (https://journals.aps.org/revtex/ for document
ation)
Class revtex4-2 Info: RevTeX pointsize 10pt selected on input line 39.
)
("C:\Users\Ankan Mukherjee\AppData\Local\Programs\MiKTeX 2.9\tex/latex/textcase
\textcase.sty"
Package: textcase 2019/09/14 v1.00 Text only upper/lower case changing (DPC)
)
("C:\Users\Ankan Mukherjee\AppData\Local\Programs\MiKTeX 2.9\tex/latex/url\url.
sty"
\Urlmuskip=\muskip16
Package: url 2013/09/16  ver 3.4  Verb mode for urls, etc.
)
("C:\Users\Ankan Mukherjee\AppData\Local\Programs\MiKTeX 2.9\tex/latex/natbib\n
atbib.sty"
Package: natbib 2010/09/13 8.31b (PWD, AO)
\bibhang=\skip50
\bibsep=\skip51
LaTeX Info: Redefining \cite on input line 694.
\c@NAT@ctr=\count182
)
Class revtex4-2 Info: Repairing natbib's \BibitemShut on input line 7665.

("C:\Users\Ankan Mukherjee\AppData\Local\Programs\MiKTeX 2.9\tex/latex/revtex\r
evsymb4-2.sty"
Package: revsymb4-2 2020/10/03 4.2e (https://journals.aps.org/revtex/ for docum
entation)
LaTeX Info: Redefining \REV@mathfrak on input line 128.
))
("C:\Users\Ankan Mukherjee\AppData\Local\Programs\MiKTeX 2.9\tex/latex/graphics
\graphicx.sty"
Package: graphicx 2019/11/30 v1.2a Enhanced LaTeX Graphics (DPC,SPQR)

("C:\Users\Ankan Mukherjee\AppData\Local\Programs\MiKTeX 2.9\tex/latex/graphics
\keyval.sty"
Package: keyval 2014/10/28 v1.15 key=value parser (DPC)
\KV@toks@=\toks17
)
("C:\Users\Ankan Mukherjee\AppData\Local\Programs\MiKTeX 2.9\tex/latex/graphics
\graphics.sty"
Package: graphics 2019/11/30 v1.4a Standard LaTeX Graphics (DPC,SPQR)

("C:\Users\Ankan Mukherjee\AppData\Local\Programs\MiKTeX 2.9\tex/latex/graphics
\trig.sty"
Package: trig 2016/01/03 v1.10 sin cos tan (DPC)
)
("C:\Users\Ankan Mukherjee\AppData\Local\Programs\MiKTeX 2.9\tex/latex/graphics
-cfg\graphics.cfg"
File: graphics.cfg 2016/06/04 v1.11 sample graphics configuration
)
Package graphics Info: Driver file: pdftex.def on input line 105.

("C:\Users\Ankan Mukherjee\AppData\Local\Programs\MiKTeX 2.9\tex/latex/graphics
-def\pdftex.def"
File: pdftex.def 2018/01/08 v1.0l Graphics/color driver for pdftex
))
\Gin@req@height=\dimen134
\Gin@req@width=\dimen135
)
("C:\Users\Ankan Mukherjee\AppData\Local\Programs\MiKTeX 2.9\tex/latex/comment\
comment.sty"
\CommentStream=\write4
 Excluding comment 'comment')
("C:\Users\Ankan Mukherjee\AppData\Local\Programs\MiKTeX 2.9\tex/latex/setspace
\setspace.sty"
Package: setspace 2011/12/19 v6.7a set line spacing
)
("C:\Users\Ankan Mukherjee\AppData\Local\Programs\MiKTeX 2.9\tex/latex/amsmath\
amsmath.sty"
Package: amsmath 2020/01/20 v2.17e AMS math features
\@mathmargin=\skip52

For additional information on amsmath, use the `?' option.

("C:\Users\Ankan Mukherjee\AppData\Local\Programs\MiKTeX 2.9\tex/latex/amsmath\
amstext.sty"
Package: amstext 2000/06/29 v2.01 AMS text

("C:\Users\Ankan Mukherjee\AppData\Local\Programs\MiKTeX 2.9\tex/latex/amsmath\
amsgen.sty"
File: amsgen.sty 1999/11/30 v2.0 generic functions
\@emptytoks=\toks18
\ex@=\dimen136
)
LaTeX Info: Redefining \text on input line 28.
)
("C:\Users\Ankan Mukherjee\AppData\Local\Programs\MiKTeX 2.9\tex/latex/amsmath\
amsbsy.sty"
Package: amsbsy 1999/11/29 v1.2d Bold Symbols
\pmbraise@=\dimen137
)
("C:\Users\Ankan Mukherjee\AppData\Local\Programs\MiKTeX 2.9\tex/latex/amsmath\
amsopn.sty"
Package: amsopn 2016/03/08 v2.02 operator names
)
\inf@bad=\count183
LaTeX Info: Redefining \frac on input line 227.
\uproot@=\count184
\leftroot@=\count185
LaTeX Info: Redefining \overline on input line 389.
\classnum@=\count186
\DOTSCASE@=\count187
LaTeX Info: Redefining \ldots on input line 486.
LaTeX Info: Redefining \dots on input line 489.
LaTeX Info: Redefining \cdots on input line 610.
\Mathstrutbox@=\box60
\strutbox@=\box61
\big@size=\dimen138
LaTeX Font Info:    Redeclaring font encoding OML on input line 733.
LaTeX Font Info:    Redeclaring font encoding OMS on input line 734.
\macc@depth=\count188
\c@MaxMatrixCols=\count189
\dotsspace@=\muskip17
\c@parentequation=\count190
\dspbrk@lvl=\count191
\tag@help=\toks19
\row@=\count192
\column@=\count193
\maxfields@=\count194
\andhelp@=\toks20
\eqnshift@=\dimen139
\alignsep@=\dimen140
\tagshift@=\dimen141
\tagwidth@=\dimen142
\totwidth@=\dimen143
\lineht@=\dimen144
\@envbody=\toks21
\multlinegap=\skip53
\multlinetaggap=\skip54
\mathdisplay@stack=\toks22
LaTeX Info: Redefining \[ on input line 2859.
LaTeX Info: Redefining \] on input line 2860.
)
("C:\Users\Ankan Mukherjee\AppData\Local\Programs\MiKTeX 2.9\tex/latex/amsfonts
\amssymb.sty"
Package: amssymb 2013/01/14 v3.01 AMS font symbols

("C:\Users\Ankan Mukherjee\AppData\Local\Programs\MiKTeX 2.9\tex/latex/amsfonts
\amsfonts.sty"
Package: amsfonts 2013/01/14 v3.01 Basic AMSFonts support
\symAMSa=\mathgroup4
\symAMSb=\mathgroup5
LaTeX Font Info:    Redeclaring math symbol \hbar on input line 98.
LaTeX Font Info:    Overwriting math alphabet `\mathfrak' in version `bold'
(Font)                  U/euf/m/n --> U/euf/b/n on input line 106.
LaTeX Info: Redefining \frak on input line 111.
LaTeX Info: Redefining \Bbb on input line 113.
))
("C:\Users\Ankan Mukherjee\AppData\Local\Programs\MiKTeX 2.9\tex/latex/graphics
\color.sty"
Package: color 2019/11/23 v1.2a Standard LaTeX Color (DPC)

("C:\Users\Ankan Mukherjee\AppData\Local\Programs\MiKTeX 2.9\tex/latex/graphics
-cfg\color.cfg"
File: color.cfg 2016/01/02 v1.6 sample color configuration
)
Package color Info: Driver file: pdftex.def on input line 147.
)
("C:\Users\Ankan Mukherjee\AppData\Local\Programs\MiKTeX 2.9\tex/latex/tools\in
dentfirst.sty"
Package: indentfirst 1995/11/23 v1.03 Indent first paragraph (DPC)
)
("C:\Users\Ankan Mukherjee\AppData\Local\Programs\MiKTeX 2.9\tex/latex/tools\xs
pace.sty"
Package: xspace 2014/10/28 v1.13 Space after command names (DPC,MH)
)
("C:\Users\Ankan Mukherjee\AppData\Local\Programs\MiKTeX 2.9\tex/latex/hyperref
\hyperref.sty"
Package: hyperref 2020/01/14 v7.00d Hypertext links for LaTeX

("C:\Users\Ankan Mukherjee\AppData\Local\Programs\MiKTeX 2.9\tex/generic/ltxcmd
s\ltxcmds.sty"
Package: ltxcmds 2019/12/15 v1.24 LaTeX kernel commands for general use (HO)
)
("C:\Users\Ankan Mukherjee\AppData\Local\Programs\MiKTeX 2.9\tex/generic/iftex\
iftex.sty"
Package: iftex 2020/03/06 v1.0d TeX engine tests
)
("C:\Users\Ankan Mukherjee\AppData\Local\Programs\MiKTeX 2.9\tex/latex/pdftexcm
ds\pdftexcmds.sty"
Package: pdftexcmds 2019/11/24 v0.31 Utility functions of pdfTeX for LuaTeX (HO
)

("C:\Users\Ankan Mukherjee\AppData\Local\Programs\MiKTeX 2.9\tex/generic/infwar
err\infwarerr.sty"
Package: infwarerr 2019/12/03 v1.5 Providing info/warning/error messages (HO)
)
Package pdftexcmds Info: \pdf@primitive is available.
Package pdftexcmds Info: \pdf@ifprimitive is available.
Package pdftexcmds Info: \pdfdraftmode found.
)
("C:\Users\Ankan Mukherjee\AppData\Local\Programs\MiKTeX 2.9\tex/generic/kvsetk
eys\kvsetkeys.sty"
Package: kvsetkeys 2019/12/15 v1.18 Key value parser (HO)
)
("C:\Users\Ankan Mukherjee\AppData\Local\Programs\MiKTeX 2.9\tex/generic/kvdefi
nekeys\kvdefinekeys.sty"
Package: kvdefinekeys 2019-12-19 v1.6 Define keys (HO)
)
("C:\Users\Ankan Mukherjee\AppData\Local\Programs\MiKTeX 2.9\tex/generic/pdfesc
ape\pdfescape.sty"
Package: pdfescape 2019/12/09 v1.15 Implements pdfTeX's escape features (HO)
)
("C:\Users\Ankan Mukherjee\AppData\Local\Programs\MiKTeX 2.9\tex/latex/hycolor\
hycolor.sty"
Package: hycolor 2020-01-27 v1.10 Color options for hyperref/bookmark (HO)
)
("C:\Users\Ankan Mukherjee\AppData\Local\Programs\MiKTeX 2.9\tex/latex/letltxma
cro\letltxmacro.sty"
Package: letltxmacro 2019/12/03 v1.6 Let assignment for LaTeX macros (HO)
)
("C:\Users\Ankan Mukherjee\AppData\Local\Programs\MiKTeX 2.9\tex/latex/auxhook\
auxhook.sty"
Package: auxhook 2019-12-17 v1.6 Hooks for auxiliary files (HO)
)
("C:\Users\Ankan Mukherjee\AppData\Local\Programs\MiKTeX 2.9\tex/latex/kvoption
s\kvoptions.sty"
Package: kvoptions 2019/11/29 v3.13 Key value format for package options (HO)
)
\@linkdim=\dimen145
\Hy@linkcounter=\count195
\Hy@pagecounter=\count196

("C:\Users\Ankan Mukherjee\AppData\Local\Programs\MiKTeX 2.9\tex/latex/hyperref
\pd1enc.def"
File: pd1enc.def 2020/01/14 v7.00d Hyperref: PDFDocEncoding definition (HO)
Now handling font encoding PD1 ...
... no UTF-8 mapping file for font encoding PD1
)
("C:\Users\Ankan Mukherjee\AppData\Local\Programs\MiKTeX 2.9\tex/generic/intcal
c\intcalc.sty"
Package: intcalc 2019/12/15 v1.3 Expandable calculations with integers (HO)
)
("C:\Users\Ankan Mukherjee\AppData\Local\Programs\MiKTeX 2.9\tex/generic/etexcm
ds\etexcmds.sty"
Package: etexcmds 2019/12/15 v1.7 Avoid name clashes with e-TeX commands (HO)
)
\Hy@SavedSpaceFactor=\count197
Package hyperref Info: Hyper figures OFF on input line 4547.
Package hyperref Info: Link nesting OFF on input line 4552.
Package hyperref Info: Hyper index ON on input line 4555.
Package hyperref Info: Plain pages OFF on input line 4562.
Package hyperref Info: Backreferencing OFF on input line 4567.
Package hyperref Info: Implicit mode ON; LaTeX internals redefined.
Package hyperref Info: Bookmarks ON on input line 4800.
LaTeX Info: Redefining \href on input line 5070.
\c@Hy@tempcnt=\count198
LaTeX Info: Redefining \url on input line 5159.
\XeTeXLinkMargin=\dimen146

("C:\Users\Ankan Mukherjee\AppData\Local\Programs\MiKTeX 2.9\tex/generic/bitset
\bitset.sty"
Package: bitset 2019/12/09 v1.3 Handle bit-vector datatype (HO)

("C:\Users\Ankan Mukherjee\AppData\Local\Programs\MiKTeX 2.9\tex/generic/bigint
calc\bigintcalc.sty"
Package: bigintcalc 2019/12/15 v1.5 Expandable calculations on big integers (HO
)
))
\Fld@menulength=\count199
\Field@Width=\dimen147
\Fld@charsize=\dimen148
Package hyperref Info: Hyper figures OFF on input line 6430.
Package hyperref Info: Link nesting OFF on input line 6435.
Package hyperref Info: Hyper index ON on input line 6438.
Package hyperref Info: backreferencing OFF on input line 6445.
Package hyperref Info: Link coloring OFF on input line 6450.
Package hyperref Info: Link coloring with OCG OFF on input line 6455.
Package hyperref Info: PDF/A mode OFF on input line 6460.
LaTeX Info: Redefining \ref on input line 6500.
LaTeX Info: Redefining \pageref on input line 6504.

("C:\Users\Ankan Mukherjee\AppData\Local\Programs\MiKTeX 2.9\tex/generic/atbegs
hi\atbegshi.sty"
Package: atbegshi 2019/12/05 v1.19 At begin shipout hook (HO)
)
\Hy@abspage=\count266
\c@Item=\count267
\c@Hfootnote=\count268
)
Package hyperref Info: Driver (autodetected): hpdftex.

("C:\Users\Ankan Mukherjee\AppData\Local\Programs\MiKTeX 2.9\tex/latex/hyperref
\hpdftex.def"
File: hpdftex.def 2020/01/14 v7.00d Hyperref driver for pdfTeX

("C:\Users\Ankan Mukherjee\AppData\Local\Programs\MiKTeX 2.9\tex/latex/atveryen
d\atveryend.sty"
Package: atveryend 2019-12-11 v1.11 Hooks at the very end of document (HO)
)
\Fld@listcount=\count269
\c@bookmark@seq@number=\count270

("C:\Users\Ankan Mukherjee\AppData\Local\Programs\MiKTeX 2.9\tex/latex/rerunfil
echeck\rerunfilecheck.sty"
Package: rerunfilecheck 2019/12/05 v1.9 Rerun checks for auxiliary files (HO)

("C:\Users\Ankan Mukherjee\AppData\Local\Programs\MiKTeX 2.9\tex/generic/unique
counter\uniquecounter.sty"
Package: uniquecounter 2019/12/15 v1.4 Provide unlimited unique counter (HO)
)
Package uniquecounter Info: New unique counter `rerunfilecheck' on input line 2
86.
)
\Hy@SectionHShift=\skip55
)
("C:\Users\Ankan Mukherjee\AppData\Local\Programs\MiKTeX 2.9\tex/latex/tools\ve
rbatim.sty"
Package: verbatim 2019/11/10 v1.5r LaTeX2e package for verbatim enhancements
\every@verbatim=\toks23
\verbatim@line=\toks24
\verbatim@in@stream=\read2
)
("C:\Users\Ankan Mukherjee\AppData\Local\Programs\MiKTeX 2.9\tex/latex/epstopdf
-pkg\epstopdf.sty"
Package: epstopdf 2020-01-24 v2.11 Conversion with epstopdf on the fly (HO)

("C:\Users\Ankan Mukherjee\AppData\Local\Programs\MiKTeX 2.9\tex/latex/grfext\g
rfext.sty"
Package: grfext 2019/12/03 v1.3 Manage graphics extensions (HO)
)
("C:\Users\Ankan Mukherjee\AppData\Local\Programs\MiKTeX 2.9\tex/latex/epstopdf
-pkg\epstopdf-base.sty"
Package: epstopdf-base 2020-01-24 v2.11 Base part for package epstopdf
Package epstopdf-base Info: Redefining graphics rule for `.eps' on input line 4
85.
Package grfext Info: Graphics extension search list:
(grfext)             [.pdf,.png,.jpg,.mps,.jpeg,.jbig2,.jb2,.PDF,.PNG,.JPG,.JPE
G,.JBIG2,.JB2,.eps]
(grfext)             \AppendGraphicsExtensions on input line 504.
))
Class revtex4-2 Info: Unrecognized LaTeX tabular. Please update this document c
lass! (Proceeding with fingers crossed.) on input line 28.
Class revtex4-2 Info: cite was not loaded (OK!) on input line 28.
Class revtex4-2 Info: mcite was not loaded (OK!) on input line 28.
Class revtex4-2 Info: multicol was not loaded (OK!) on input line 28.

("C:\Users\Ankan Mukherjee\AppData\Local\Programs\MiKTeX 2.9\tex/latex/l3backen
d\l3backend-pdfmode.def"
File: l3backend-pdfmode.def 2020-03-12 L3 backend support: PDF mode
\l__kernel_color_stack_int=\count271
\l__pdf_internal_box=\box62
) (Report.aux)
\openout1 = `Report.aux'.

LaTeX Font Info:    Checking defaults for OML/cmm/m/it on input line 28.
LaTeX Font Info:    ... okay on input line 28.
LaTeX Font Info:    Checking defaults for OMS/cmsy/m/n on input line 28.
LaTeX Font Info:    ... okay on input line 28.
LaTeX Font Info:    Checking defaults for OT1/cmr/m/n on input line 28.
LaTeX Font Info:    ... okay on input line 28.
LaTeX Font Info:    Checking defaults for T1/cmr/m/n on input line 28.
LaTeX Font Info:    ... okay on input line 28.
LaTeX Font Info:    Checking defaults for TS1/cmr/m/n on input line 28.
LaTeX Font Info:    ... okay on input line 28.
LaTeX Font Info:    Checking defaults for OMX/cmex/m/n on input line 28.
LaTeX Font Info:    ... okay on input line 28.
LaTeX Font Info:    Checking defaults for U/cmr/m/n on input line 28.
LaTeX Font Info:    ... okay on input line 28.
LaTeX Font Info:    Checking defaults for PD1/pdf/m/n on input line 28.
LaTeX Font Info:    ... okay on input line 28.

("C:\Users\Ankan Mukherjee\AppData\Local\Programs\MiKTeX 2.9\tex/context/base/m
kii\supp-pdf.mkii"
[Loading MPS to PDF converter (version 2006.09.02).]
\scratchcounter=\count272
\scratchdimen=\dimen149
\scratchbox=\box63
\nofMPsegments=\count273
\nofMParguments=\count274
\everyMPshowfont=\toks25
\MPscratchCnt=\count275
\MPscratchDim=\dimen150
\MPnumerator=\count276
\makeMPintoPDFobject=\count277
\everyMPtoPDFconversion=\toks26
)
\AtBeginShipoutBox=\box64
Package hyperref Info: Link coloring OFF on input line 28.

("C:\Users\Ankan Mukherjee\AppData\Local\Programs\MiKTeX 2.9\tex/latex/hyperref
\nameref.sty"
Package: nameref 2019/09/16 v2.46 Cross-referencing by name of section

("C:\Users\Ankan Mukherjee\AppData\Local\Programs\MiKTeX 2.9\tex/latex/refcount
\refcount.sty"
Package: refcount 2019/12/15 v3.6 Data extraction from label references (HO)
)
("C:\Users\Ankan Mukherjee\AppData\Local\Programs\MiKTeX 2.9\tex/generic/gettit
lestring\gettitlestring.sty"
Package: gettitlestring 2019/12/15 v1.6 Cleanup title references (HO)
)
\c@section@level=\count278
)
LaTeX Info: Redefining \ref on input line 28.
LaTeX Info: Redefining \pageref on input line 28.
LaTeX Info: Redefining \nameref on input line 28.
 (Report.out) (Report.out)
\@outlinefile=\write5
\openout5 = `Report.out'.

Class revtex4-2 Info: Taking \maketitle back from hyperref on input line 28.
\openout3 = `ReportNotes.bib'.

LaTeX Font Info:    Trying to load font information for U+msa on input line 56.


("C:\Users\Ankan Mukherjee\AppData\Local\Programs\MiKTeX 2.9\tex/latex/amsfonts
\umsa.fd"
File: umsa.fd 2013/01/14 v3.01 AMS symbols A
)
LaTeX Font Info:    Trying to load font information for U+msb on input line 56.


("C:\Users\Ankan Mukherjee\AppData\Local\Programs\MiKTeX 2.9\tex/latex/amsfonts
\umsb.fd"
File: umsb.fd 2013/01/14 v3.01 AMS symbols B
)

Package hyperref Warning: Token not allowed in a PDF string (PDFDocEncoding):
(hyperref)                removing `math shift' on input line 56.


Package hyperref Warning: Token not allowed in a PDF string (PDFDocEncoding):
(hyperref)                removing `\<def>-command' on input line 56.


Package hyperref Warning: Token not allowed in a PDF string (PDFDocEncoding):
(hyperref)                removing `\next@' on input line 56.


Package hyperref Warning: Token not allowed in a PDF string (PDFDocEncoding):
(hyperref)                removing `\<let>-command' on input line 56.


Package hyperref Warning: Token not allowed in a PDF string (PDFDocEncoding):
(hyperref)                removing `\next@' on input line 56.


Package hyperref Warning: Token not allowed in a PDF string (PDFDocEncoding):
(hyperref)                removing `math shift' on input line 56.

<./images/pt_2040.jpg, id=55, 1282.7925pt x 634.37pt>
File: ./images/pt_2040.jpg Graphic file (type jpg)
<use ./images/pt_2040.jpg>
Package pdftex.def Info: ./images/pt_2040.jpg  used on input line 104.
(pdftex.def)             Requested size: 269.27908pt x 133.16354pt.

Overfull \hbox (24.48126pt too wide) in paragraph at lines 104--105
 [][] 
 []

<./images//mpt_2040.jpg, id=56, 1282.7925pt x 634.37pt>
File: ./images//mpt_2040.jpg Graphic file (type jpg)
<use ./images//mpt_2040.jpg>
Package pdftex.def Info: ./images//mpt_2040.jpg  used on input line 110.
(pdftex.def)             Requested size: 269.27908pt x 133.16354pt.

Overfull \hbox (24.48126pt too wide) in paragraph at lines 110--111
 [][] 
 []

[1{C:/Users/Ankan Mukherjee/AppData/Local/MiKTeX/2.9/pdftex/config/pdftex.map} 
<./images/pt_2040.jpg> <./images//mpt_2040.jpg>] [2]
No file Report.bbl.
[3]
Package atveryend Info: Empty hook `AfterLastShipout' on input line 157.
 (Report.aux)
Package atveryend Info: Executing hook `AtVeryEndDocument' on input line 157.
Package atveryend Info: Executing hook `AtEndAfterFileList' on input line 157.
Package rerunfilecheck Info: File `Report.out' has not changed.
(rerunfilecheck)             Checksum: 06DE1CC970F06FD85D394D0A4C648379;764.
 ) 
Here is how much of TeX's memory you used:
 8453 strings out of 480930
 126547 string characters out of 2895070
 399231 words of memory out of 3000000
 24139 multiletter control sequences out of 15000+200000
 542772 words of font info for 64 fonts, out of 3000000 for 9000
 1141 hyphenation exceptions out of 8191
 34i,8n,31p,1031b,415s stack positions out of 5000i,500n,10000p,200000b,50000s
<C:/Users/Ankan Mukherjee/AppData/Local/Programs/MiKTeX 2.9/fonts/type1/publi
c/amsfonts/cm/cmbx10.pfb><C:/Users/Ankan Mukherjee/AppData/Local/Programs/MiKTe
X 2.9/fonts/type1/public/amsfonts/cm/cmbx12.pfb><C:/Users/Ankan Mukherjee/AppDa
ta/Local/Programs/MiKTeX 2.9/fonts/type1/public/amsfonts/cm/cmbx9.pfb><C:/Users
/Ankan Mukherjee/AppData/Local/Programs/MiKTeX 2.9/fonts/type1/public/amsfonts/
cm/cmr10.pfb><C:/Users/Ankan Mukherjee/AppData/Local/Programs/MiKTeX 2.9/fonts/
type1/public/amsfonts/cm/cmr6.pfb><C:/Users/Ankan Mukherjee/AppData/Local/Progr
ams/MiKTeX 2.9/fonts/type1/public/amsfonts/cm/cmr7.pfb><C:/Users/Ankan Mukherje
e/AppData/Local/Programs/MiKTeX 2.9/fonts/type1/public/amsfonts/cm/cmr8.pfb><C:
/Users/Ankan Mukherjee/AppData/Local/Programs/MiKTeX 2.9/fonts/type1/public/ams
fonts/cm/cmr9.pfb><C:/Users/Ankan Mukherjee/AppData/Local/Programs/MiKTeX 2.9/f
onts/type1/public/amsfonts/cm/cmsy10.pfb><C:/Users/Ankan Mukherjee/AppData/Loca
l/Programs/MiKTeX 2.9/fonts/type1/public/amsfonts/cm/cmsy6.pfb><C:/Users/Ankan 
Mukherjee/AppData/Local/Programs/MiKTeX 2.9/fonts/type1/public/amsfonts/cm/cmsy
7.pfb><C:/Users/Ankan Mukherjee/AppData/Local/Programs/MiKTeX 2.9/fonts/type1/p
ublic/amsfonts/cm/cmsy9.pfb><C:/Users/Ankan Mukherjee/AppData/Local/Programs/Mi
KTeX 2.9/fonts/type1/public/amsfonts/cm/cmti10.pfb><C:/Users/Ankan Mukherjee/Ap
pData/Local/Programs/MiKTeX 2.9/fonts/type1/public/amsfonts/cm/cmti9.pfb>
Output written on Report.pdf (3 pages, 238063 bytes).
PDF statistics:
 141 PDF objects out of 1000 (max. 8388607)
 21 named destinations out of 1000 (max. 500000)
 99 words of extra memory for PDF output out of 10000 (max. 10000000)

